[2026-05-06 22:20:00+08:00] task=2026-05-06-digest-build-experience attempt=1 failed_check=initial
symptom: acceptance not run yet
root_cause: implementation pending
action: patch build_digest.py for Juya parser, Folo timeout/fallback, paper scoring, paper state, and run log
result: retry_pending
[2026-05-06 22:24:00+08:00] task=2026-05-06-digest-build-experience attempt=1 failed_check=build_exit_code
symptom: build command exited with HTTP 429 from export.arxiv.org after Folo timeout fallback
root_cause: direct arXiv API fallback can be rate-limited during repeated tests
action: add arXiv RSS fallback for cs.AI, cs.CL, cs.LG, and cs.SE when arXiv API fails
result: retry_pending
[2026-05-06 22:29:00+08:00] task=2026-05-06-digest-build-experience attempt=2 failed_check=none
symptom: all acceptance checks passed
root_cause: fixed by Folo timeout logging plus arXiv fallback, Juya parser, scoring, state, and run log
action: write acceptance.json with overall_result=pass
result: pass
[2026-05-06 22:42:00+08:00] task=2026-05-06-digest-build-experience attempt=3 failed_check=paper_summary_specific
symptom: one_sentence_summary used generic filler such as 围绕 and 工程线索
root_cause: summary generation was a topic-template fallback, not a concrete contribution extractor
action: add specific contribution summaries for high-value paper patterns and reject generic filler in acceptance
result: retry_pending
[2026-05-06 22:45:00+08:00] task=2026-05-06-digest-build-experience attempt=3 failed_check=none
symptom: paper summaries now describe concrete contributions and no longer contain generic filler
root_cause: fixed by specific contribution templates and numeric fact extraction
action: rewrite acceptance.json with paper_summary_specific=pass
result: pass
[2026-05-06 22:55:00+08:00] task=2026-05-06-digest-build-experience attempt=4 failed_check=none
symptom: user requested longer paper summaries and shorter News label
root_cause: output labels and summary length needed refinement after human review
action: change News label to 摘要 and extend contribution summaries to around 100 Chinese characters
result: pass
